sample.interval=1000
"findLocals1" "lapply" "FUN" "lapply" "findLocalsList1" "findLocalsList" "funEnv" "make.functionContext" "cmpfun" "doTryCatch" "tryCatchOne" "tryCatchList" "tryCatch" "compiler:::tryCmpfun" "all.prime" 
"make.codeBuf" "genCode" "cmpfun" "doTryCatch" "tryCatchOne" "tryCatchList" "tryCatch" "compiler:::tryCmpfun" "all.prime" 
"as.list" "checkSkipLoopCntxtList" "checkSkipLoopCntxt" "checkSkipLoopCntxtList" "checkSkipLoopCntxt" "h" "tryInline" "cmpCall" "cmp" "h" "tryInline" "cmpCall" "cmp" "genCode" "cmpfun" "doTryCatch" "tryCatchOne" "tryCatchList" "tryCatch" "compiler:::tryCmpfun" "all.prime" 
"cmpSym" "cmpBuiltinArgs" "h" "tryInline" "cmpCall" "cmp" "cmpSymbolAssign" "h" "tryInline" "cmpCall" "cmp" "h" "tryInline" "cmpCall" "cmp" "h" "tryInline" "cmpCall" "cmp" "h" "tryInline" "cmpCall" "cmp" "cmpForBody" "h" "tryInline" "cmpCall" "cmp" "h" "tryInline" "cmpCall" "cmp" "genCode" "cmpfun" "doTryCatch" "tryCatchOne" "tryCatchList" "tryCatch" "compiler:::tryCmpfun" "all.prime" 
"exists" "findCenvVar" "getInlineInfo" "isBaseVar" "getFoldFun" "constantFoldCall" "constantFold" "cmp" "h" "tryInline" "cmpCall" "cmp" "genCode" "cmpfun" "doTryCatch" "tryCatchOne" "tryCatchList" "tryCatch" "compiler:::tryCmpfun" "is.prime" "all.prime" 
"%in%" "getInlineInfo" "tryInline" "cmpCall" "cmp" "h" "tryInline" "cmpCall" "cmp" "h" "tryInline" "cmpCall" "cmp" "genCode" "cmpfun" "doTryCatch" "tryCatchOne" "tryCatchList" "tryCatch" "compiler:::tryCmpfun" "is.prime" "all.prime" 
"cb$putlabel" "tryInline" "cmpCall" "cmp" "h" "tryInline" "cmpCall" "cmp" "cmpPrim2" "h" "tryInline" "cmpCall" "cmp" "cmpBuiltinArgs" "h" "tryInline" "cmpCall" "cmp" "cmpPrim2" "h" "tryInline" "cmpCall" "cmp" "cmpBuiltinArgs" "h" "tryInline" "cmpCall" "cmp" "h" "tryInline" "cmpCall" "cmp" "h" "tryInline" "cmpCall" "cmp" "genCode" "cmpfun" "doTryCatch" "tryCatchOne" "tryCatchList" "tryCatch" "compiler:::tryCmpfun" "is.prime" "all.prime" 
"is.prime" "all.prime" 
"is.prime" "all.prime" 
"is.prime" "all.prime" 
"is.prime" "all.prime" 
"is.prime" "all.prime" 
"%%" "is.prime" "all.prime" 
"is.prime" "all.prime" 
"is.prime" "all.prime" 
"all.prime" 
"is.prime" "all.prime" 
"is.prime" "all.prime" 
"c" "all.prime" 
"c" "all.prime" 
"%%" "is.prime" "all.prime" 
"all" "is.prime" "all.prime" 
"all" "is.prime" "all.prime" 
"is.prime" "all.prime" 
"is.prime" "all.prime" 
"%%" "is.prime" "all.prime" 
"c" "all.prime" 
"is.prime" "all.prime" 
"is.prime" "all.prime" 
"c" "all.prime" 
"is.prime" "all.prime" 
"is.prime" "all.prime" 
"is.prime" "all.prime" 
"is.prime" "all.prime" 
"is.prime" "all.prime" 
"is.prime" "all.prime" 
"is.prime" "all.prime" 
"is.prime" "all.prime" 
"is.prime" "all.prime" 
"is.prime" "all.prime" 
"is.prime" "all.prime" 
"is.prime" "all.prime" 
"is.prime" "all.prime" 
"is.prime" "all.prime" 
"is.prime" "all.prime" 
"is.prime" "all.prime" 
"is.prime" "all.prime" 
"is.prime" "all.prime" 
"is.prime" "all.prime" 
"is.prime" "all.prime" 
"is.prime" "all.prime" 
"is.prime" "all.prime" 
"is.prime" "all.prime" 
"is.prime" "all.prime" 
"is.prime" "all.prime" 
"is.prime" "all.prime" 
"is.prime" "all.prime" 
"is.prime" "all.prime" 
"is.prime" "all.prime" 
"is.prime" "all.prime" 
"is.prime" "all.prime" 
"is.prime" "all.prime" 
"is.prime" "all.prime" 
"is.prime" "all.prime" 
"is.prime" "all.prime" 
"is.prime" "all.prime" 
"is.prime" "all.prime" 
"is.prime" "all.prime" 
"is.prime" "all.prime" 
"is.prime" "all.prime" 
"is.prime" "all.prime" 
"is.prime" "all.prime" 
"is.prime" "all.prime" 
"is.prime" "all.prime" 
"is.prime" "all.prime" 
"is.prime" "all.prime" 
"is.prime" "all.prime" 
"is.prime" "all.prime" 
"is.prime" "all.prime" 
"is.prime" "all.prime" 
"is.prime" "all.prime" 
"is.prime" "all.prime" 
"is.prime" "all.prime" 
"is.prime" "all.prime" 
"is.prime" "all.prime" 
"is.prime" "all.prime" 
"is.prime" "all.prime" 
"is.prime" "all.prime" 
"is.prime" "all.prime" 
"is.prime" "all.prime" 
"is.prime" "all.prime" 
"is.prime" "all.prime" 
"is.prime" "all.prime" 
"is.prime" "all.prime" 
"is.prime" "all.prime" 
"is.prime" "all.prime" 
"is.prime" "all.prime" 
"is.prime" "all.prime" 
"is.prime" "all.prime" 
"is.prime" "all.prime" 
"is.prime" "all.prime" 
"is.prime" "all.prime" 
"is.prime" "all.prime" 
"is.prime" "all.prime" 
"is.prime" "all.prime" 
"is.prime" "all.prime" 
"is.prime" "all.prime" 
"is.prime" "all.prime" 
"is.prime" "all.prime" 
"is.prime" "all.prime" 
"is.prime" "all.prime" 
"is.prime" "all.prime" 
"is.prime" "all.prime" 
"is.prime" "all.prime" 
"is.prime" "all.prime" 
"is.prime" "all.prime" 
"is.prime" "all.prime" 
"is.prime" "all.prime" 
"is.prime" "all.prime" 
"is.prime" "all.prime" 
"is.prime" "all.prime" 
"%%" "is.prime" "all.prime" 
"is.prime" "all.prime" 
"%%" "is.prime" "all.prime" 
"%%" "is.prime" "all.prime" 
"is.prime" "all.prime" 
"c" "all.prime" 
"all.prime" 
"is.prime" "all.prime" 
"%%" "is.prime" "all.prime" 
"c" "all.prime" 
"%%" "is.prime" "all.prime" 
"is.prime" "all.prime" 
"is.prime" "all.prime" 
"is.prime" "all.prime" 
"is.prime" "all.prime" 
"c" "all.prime" 
"is.prime" "all.prime" 
"all" "is.prime" "all.prime" 
"all" "is.prime" "all.prime" 
"is.prime" "all.prime" 
"%%" "is.prime" "all.prime" 
"all" "is.prime" "all.prime" 
"is.prime" "all.prime" 
"is.prime" "all.prime" 
"%%" "is.prime" "all.prime" 
"is.prime" "all.prime" 
"all.prime" 
"is.prime" "all.prime" 
"c" "all.prime" 
"is.prime" "all.prime" 
"%%" "is.prime" "all.prime" 
"is.prime" "all.prime" 
"%%" "is.prime" "all.prime" 
"%%" "is.prime" "all.prime" 
"is.prime" "all.prime" 
"is.prime" "all.prime" 
"all.prime" 
"is.prime" "all.prime" 
"all.prime" 
"%%" "is.prime" "all.prime" 
"all.prime" 
"%%" "is.prime" "all.prime" 
"is.prime" "all.prime" 
"is.prime" "all.prime" 
"%%" "is.prime" "all.prime" 
"%%" "is.prime" "all.prime" 
"all.prime" 
"c" "all.prime" 
"c" "all.prime" 
"%%" "is.prime" "all.prime" 
"%%" "is.prime" "all.prime" 
"is.prime" "all.prime" 
"all.prime" 
"all.prime" 
"c" "all.prime" 
"%%" "is.prime" "all.prime" 
"is.prime" "all.prime" 
"c" "all.prime" 
"is.prime" "all.prime" 
"c" "all.prime" 
"%%" "is.prime" "all.prime" 
"c" "all.prime" 
"%%" "is.prime" "all.prime" 
"c" "all.prime" 
"all" "is.prime" "all.prime" 
"is.prime" "all.prime" 
"c" "all.prime" 
"%%" "is.prime" "all.prime" 
"is.prime" "all.prime" 
"is.prime" "all.prime" 
"is.prime" "all.prime" 
"all" "is.prime" "all.prime" 
"c" "all.prime" 
"is.prime" "all.prime" 
"%%" "is.prime" "all.prime" 
"is.prime" "all.prime" 
"c" "all.prime" 
"all.prime" 
"all" "is.prime" "all.prime" 
"%%" "is.prime" "all.prime" 
"c" "all.prime" 
"is.prime" "all.prime" 
"is.prime" "all.prime" 
"%%" "is.prime" "all.prime" 
"is.prime" "all.prime" 
"%%" "is.prime" "all.prime" 
"is.prime" "all.prime" 
"c" "all.prime" 
"is.prime" "all.prime" 
"is.prime" "all.prime" 
"%%" "is.prime" "all.prime" 
"%%" "is.prime" "all.prime" 
"%%" "is.prime" "all.prime" 
"c" "all.prime" 
"is.prime" "all.prime" 
"is.prime" "all.prime" 
"%%" "is.prime" "all.prime" 
"is.prime" "all.prime" 
"is.prime" "all.prime" 
"c" "all.prime" 
"c" "all.prime" 
"all.prime" 
"is.prime" "all.prime" 
"is.prime" "all.prime" 
"all.prime" 
"is.prime" "all.prime" 
"%%" "is.prime" "all.prime" 
"%%" "is.prime" "all.prime" 
"%%" "is.prime" "all.prime" 
"c" "all.prime" 
"c" "all.prime" 
"c" "all.prime" 
"c" "all.prime" 
"c" "all.prime" 
"c" "all.prime" 
"c" "all.prime" 
"is.prime" "all.prime" 
"is.prime" "all.prime" 
"%%" "is.prime" "all.prime" 
"c" "all.prime" 
"is.prime" "all.prime" 
"all.prime" 
"c" "all.prime" 
"%%" "is.prime" "all.prime" 
"is.prime" "all.prime" 
"all" "is.prime" "all.prime" 
"%%" "is.prime" "all.prime" 
"is.prime" "all.prime" 
"c" "all.prime" 
"is.prime" "all.prime" 
"all.prime" 
"is.prime" "all.prime" 
"%%" "is.prime" "all.prime" 
"is.prime" "all.prime" 
"%%" "is.prime" "all.prime" 
"all" "is.prime" "all.prime" 
"is.prime" "all.prime" 
"c" "all.prime" 
"c" "all.prime" 
"%%" "is.prime" "all.prime" 
"is.prime" "all.prime" 
"c" "all.prime" 
"c" "all.prime" 
"is.prime" "all.prime" 
"is.prime" "all.prime" 
"%%" "is.prime" "all.prime" 
"all.prime" 
"is.prime" "all.prime" 
"is.prime" "all.prime" 
"%%" "is.prime" "all.prime" 
"%%" "is.prime" "all.prime" 
"c" "all.prime" 
"is.prime" "all.prime" 
"%%" "is.prime" "all.prime" 
"c" "all.prime" 
"%%" "is.prime" "all.prime" 
"c" "all.prime" 
"%%" "is.prime" "all.prime" 
"all.prime" 
"is.prime" "all.prime" 
"all.prime" 
"is.prime" "all.prime" 
"is.prime" "all.prime" 
"is.prime" "all.prime" 
"%%" "is.prime" "all.prime" 
"is.prime" "all.prime" 
"all.prime" 
"is.prime" "all.prime" 
"%%" "is.prime" "all.prime" 
"%%" "is.prime" "all.prime" 
"is.prime" "all.prime" 
"all" "is.prime" "all.prime" 
"is.prime" "all.prime" 
"is.prime" "all.prime" 
"c" "all.prime" 
"is.prime" "all.prime" 
"is.prime" "all.prime" 
"all.prime" 
"is.prime" "all.prime" 
"c" "all.prime" 
"c" "all.prime" 
"is.prime" "all.prime" 
"%%" "is.prime" "all.prime" 
"all" "is.prime" "all.prime" 
"is.prime" "all.prime" 
"all" "is.prime" "all.prime" 
"%%" "is.prime" "all.prime" 
"c" "all.prime" 
"c" "all.prime" 
"%%" "is.prime" "all.prime" 
"%%" "is.prime" "all.prime" 
"c" "all.prime" 
"is.prime" "all.prime" 
"%%" "is.prime" "all.prime" 
"is.prime" "all.prime" 
"is.prime" "all.prime" 
"c" "all.prime" 
"is.prime" "all.prime" 
"c" "all.prime" 
"c" "all.prime" 
"c" "all.prime" 
"c" "all.prime" 
"is.prime" "all.prime" 
"is.prime" "all.prime" 
"is.prime" "all.prime" 
"is.prime" "all.prime" 
"is.prime" "all.prime" 
"%%" "is.prime" "all.prime" 
"c" "all.prime" 
"c" "all.prime" 
"is.prime" "all.prime" 
"is.prime" "all.prime" 
"%%" "is.prime" "all.prime" 
"c" "all.prime" 
"%%" "is.prime" "all.prime" 
"is.prime" "all.prime" 
"%%" "is.prime" "all.prime" 
"%%" "is.prime" "all.prime" 
"is.prime" "all.prime" 
"c" "all.prime" 
"c" "all.prime" 
"is.prime" "all.prime" 
"%%" "is.prime" "all.prime" 
"%%" "is.prime" "all.prime" 
"all.prime" 
"c" "all.prime" 
"%%" "is.prime" "all.prime" 
"%%" "is.prime" "all.prime" 
"is.prime" "all.prime" 
"c" "all.prime" 
"is.prime" "all.prime" 
"is.prime" "all.prime" 
"c" "all.prime" 
"c" "all.prime" 
"is.prime" "all.prime" 
"is.prime" "all.prime" 
"c" "all.prime" 
"is.prime" "all.prime" 
"is.prime" "all.prime" 
"str.default" "str" "doTryCatch" "tryCatchOne" "tryCatchList" "tryCatch" "try" "eval" "eval" "withVisible" "evalVis" "capture.output" "doTryCatch" "tryCatchOne" "tryCatchList" "tryCatch" ".rs.withTimeLimit" ".rs.valueFromStr" "doTryCatch" "tryCatchOne" "tryCatchList" "tryCatch" ".rs.valueAsString" "<Anonymous>" 
