sample.interval=1000
"%%" "is.prime" "all.prime" 
"is.prime" "all.prime" 
"all.prime" 
"all.prime" 
"is.prime" "all.prime" 
"%%" "is.prime" "all.prime" 
"all.prime" 
"all.prime" 
"c" "all.prime" 
"is.prime" "all.prime" 
"%%" "is.prime" "all.prime" 
"all" "is.prime" "all.prime" 
"is.prime" "all.prime" 
"c" "all.prime" 
"is.prime" "all.prime" 
"is.prime" "all.prime" 
"all" "is.prime" "all.prime" 
"%%" "is.prime" "all.prime" 
"%%" "is.prime" "all.prime" 
"is.prime" "all.prime" 
"c" "all.prime" 
"is.prime" "all.prime" 
"is.prime" "all.prime" 
"is.prime" "all.prime" 
"is.prime" "all.prime" 
"is.prime" "all.prime" 
"is.prime" "all.prime" 
"is.prime" "all.prime" 
"is.prime" "all.prime" 
"is.prime" "all.prime" 
"is.prime" "all.prime" 
"is.prime" "all.prime" 
"is.prime" "all.prime" 
"is.prime" "all.prime" 
"is.prime" "all.prime" 
"is.prime" "all.prime" 
"is.prime" "all.prime" 
"is.prime" "all.prime" 
"c" "all.prime" 
"c" "all.prime" 
"%%" "is.prime" "all.prime" 
"%%" "is.prime" "all.prime" 
"c" "all.prime" 
"is.prime" "all.prime" 
"is.prime" "all.prime" 
"is.prime" "all.prime" 
"is.prime" "all.prime" 
"is.prime" "all.prime" 
"%%" "is.prime" "all.prime" 
"%%" "is.prime" "all.prime" 
"c" "all.prime" 
"all.prime" 
"is.prime" "all.prime" 
"%%" "is.prime" "all.prime" 
"all.prime" 
"c" "all.prime" 
"is.prime" "all.prime" 
"%%" "is.prime" "all.prime" 
"%%" "is.prime" "all.prime" 
"%%" "is.prime" "all.prime" 
"is.prime" "all.prime" 
"is.prime" "all.prime" 
"all.prime" 
"%%" "is.prime" "all.prime" 
"all" "is.prime" "all.prime" 
"%%" "is.prime" "all.prime" 
"is.prime" "all.prime" 
"c" "all.prime" 
"is.prime" "all.prime" 
"is.prime" "all.prime" 
"is.prime" "all.prime" 
"is.prime" "all.prime" 
"is.prime" "all.prime" 
"is.prime" "all.prime" 
"is.prime" "all.prime" 
"all" "is.prime" "all.prime" 
"c" "all.prime" 
"is.prime" "all.prime" 
"is.prime" "all.prime" 
"is.prime" "all.prime" 
"%%" "is.prime" "all.prime" 
"is.prime" "all.prime" 
"c" "all.prime" 
"%%" "is.prime" "all.prime" 
"is.prime" "all.prime" 
"%%" "is.prime" "all.prime" 
"is.prime" "all.prime" 
"is.prime" "all.prime" 
"is.prime" "all.prime" 
"is.prime" "all.prime" 
"is.prime" "all.prime" 
"is.prime" "all.prime" 
"c" "all.prime" 
"all.prime" 
"all" "is.prime" "all.prime" 
"c" "all.prime" 
"%%" "is.prime" "all.prime" 
"%%" "is.prime" "all.prime" 
"is.prime" "all.prime" 
"c" "all.prime" 
"is.prime" "all.prime" 
"%%" "is.prime" "all.prime" 
"is.prime" "all.prime" 
"%%" "is.prime" "all.prime" 
"c" "all.prime" 
"is.prime" "all.prime" 
"is.prime" "all.prime" 
"is.prime" "all.prime" 
"c" "all.prime" 
"%%" "is.prime" "all.prime" 
"is.prime" "all.prime" 
"%%" "is.prime" "all.prime" 
"is.prime" "all.prime" 
"c" "all.prime" 
"c" "all.prime" 
"is.prime" "all.prime" 
"is.prime" "all.prime" 
"is.prime" "all.prime" 
"c" "all.prime" 
"%%" "is.prime" "all.prime" 
"c" "all.prime" 
"is.prime" "all.prime" 
"c" "all.prime" 
"c" "all.prime" 
"%%" "is.prime" "all.prime" 
"%%" "is.prime" "all.prime" 
"is.prime" "all.prime" 
"%%" "is.prime" "all.prime" 
"is.prime" "all.prime" 
"%%" "is.prime" "all.prime" 
"c" "all.prime" 
"%%" "is.prime" "all.prime" 
"c" "all.prime" 
"all.prime" 
"all.prime" 
"c" "all.prime" 
"is.prime" "all.prime" 
"c" "all.prime" 
"%%" "is.prime" "all.prime" 
"c" "all.prime" 
"c" "all.prime" 
"c" "all.prime" 
"%%" "is.prime" "all.prime" 
"is.prime" "all.prime" 
"is.prime" "all.prime" 
"%%" "is.prime" "all.prime" 
"is.prime" "all.prime" 
"is.prime" "all.prime" 
